[00:39:42] [main/INFO] (FabricLoader/GameProvider) Loading Minecraft 1.21.4 with Fabric Loader 0.16.10
[00:39:43] [main/INFO] (FabricLoader) Loading 55 mods:
	- fabric-api 0.115.1+1.21.4
	- fabric-api-base 0.4.54+b47eab6b04
	- fabric-api-lookup-api-v1 1.6.86+b1caf1e904
	- fabric-biome-api-v1 15.0.6+b1c29d8e04
	- fabric-block-api-v1 1.0.31+7feeb73304
	- fabric-block-view-api-v2 1.0.19+7feeb73304
	- fabric-blockrenderlayer-v1 2.0.8+7feeb73304
	- fabric-client-gametest-api-v1 4.0.0+2d7e411e04
	- fabric-client-tags-api-v1 1.1.29+20ea1e2304
	- fabric-command-api-v1 1.2.62+f71b366f04
	- fabric-command-api-v2 2.2.41+e496eb1504
	- fabric-commands-v0 0.2.79+df3654b304
	- fabric-content-registries-v0 9.1.17+7feeb73304
	- fabric-convention-tags-v1 2.1.15+7f945d5b04
	- fabric-convention-tags-v2 2.12.1+e359e31604
	- fabric-crash-report-info-v1 0.3.6+7feeb73304
	- fabric-data-attachment-api-v1 1.5.2+2d7e411e04
	- fabric-data-generation-api-v1 22.2.9+20ea1e2304
	- fabric-dimensions-v1 4.0.10+7feeb73304
	- fabric-entity-events-v1 2.0.13+1934821104
	- fabric-events-interaction-v0 4.0.3+a4eebcf004
	- fabric-game-rule-api-v1 1.0.63+7d48d43904
	- fabric-gametest-api-v1 2.0.24+7feeb73304
	- fabric-item-api-v1 11.1.17+203e6b2304
	- fabric-item-group-api-v1 4.1.26+9a56a7cd04
	- fabric-key-binding-api-v1 1.0.57+7d48d43904
	- fabric-keybindings-v0 0.2.55+df3654b304
	- fabric-lifecycle-events-v1 2.5.4+bf2a60eb04
	- fabric-loot-api-v2 3.0.36+3f89f5a504
	- fabric-loot-api-v3 1.0.24+203e6b2304
	- fabric-message-api-v1 6.0.25+7feeb73304
	- fabric-model-loading-api-v1 4.2.1+8041d50704
	- fabric-networking-api-v1 4.3.10+8998135104
	- fabric-object-builder-api-v1 18.0.11+7d48d43904
	- fabric-particles-v1 4.0.14+7feeb73304
	- fabric-recipe-api-v1 8.0.9+160b66fa04
	- fabric-registry-sync-v0 6.1.7+e359e31604
	- fabric-renderer-api-v1 5.0.3+50f0feb204
	- fabric-renderer-indigo 2.0.3+50f0feb204
	- fabric-rendering-data-attachment-v1 0.3.57+73761d2e04
	- fabric-rendering-fluids-v1 3.1.19+7feeb73304
	- fabric-rendering-v1 10.1.2+b874120c04
	- fabric-resource-conditions-api-v1 5.0.13+203e6b2304
	- fabric-resource-loader-v0 3.0.14+e359e31604
	- fabric-screen-api-v1 2.0.38+7feeb73304
	- fabric-screen-handler-api-v1 1.3.114+7feeb73304
	- fabric-sound-api-v1 1.0.32+7feeb73304
	- fabric-tag-api-v1 1.0.5+7d48d43904
	- fabric-transfer-api-v1 5.4.9+efa825c904
	- fabric-transitive-access-wideners-v1 6.3.2+56e78b9b04
	- fabricloader 0.16.10
	- hyperionclientv3 1.0
	- java 21
	- minecraft 1.21.4
	- mixinextras 0.4.1
[00:39:43] [main/INFO] (FabricLoader/Mixin) SpongePowered MIXIN Subsystem Version=0.8.7 Source=file:/C:/Users/Hypericats/.gradle/caches/modules-2/files-2.1/net.fabricmc/sponge-mixin/0.15.4+mixin.0.8.7/6a12aacc794f1078458433116e9ed42c1cc98096/sponge-mixin-0.15.4+mixin.0.8.7.jar Service=Knot/Fabric Env=CLIENT
[00:39:43] [main/INFO] (FabricLoader/Mixin) Loaded Fabric development mappings for mixin remapper!
[00:39:43] [main/INFO] (FabricLoader/Mixin) Compatibility level set to JAVA_21
[00:39:44] [main/INFO] (FabricLoader/MixinExtras|Service) Initializing MixinExtras via com.llamalad7.mixinextras.service.MixinExtrasServiceImpl(version=0.4.1).
[00:39:45] [Datafixer Bootstrap/INFO] (Minecraft) 243 Datafixer optimizations took 349 milliseconds
[00:39:45] [main/WARN] (PerfmonDisabled) Invalid registry value type detected for PerfOS counters. Should be REG_DWORD. Ignoring: HKEY_LOCAL_MACHINE\SYSTEM\CurrentControlSet\Services\PerfOS\Performance\Disable Performance Counters.
[00:39:49] [Render thread/INFO] (Minecraft) Environment: Environment[sessionHost=https://sessionserver.mojang.com, servicesHost=https://api.minecraftservices.com, name=PROD]
[00:39:49] [Render thread/INFO] (Minecraft) Setting user: Player35
[00:39:50] [Render thread/INFO] (Indigo) [Indigo] Registering Indigo renderer!
[00:39:50] [Render thread/INFO] (Minecraft) Backend library: LWJGL version 3.3.3-snapshot
[00:39:51] [Render thread/INFO] (Minecraft) Reloading ResourceManager: vanilla, fabric, fabric-api, fabric-api-base, fabric-api-lookup-api-v1, fabric-biome-api-v1, fabric-block-api-v1, fabric-block-view-api-v2, fabric-blockrenderlayer-v1, fabric-client-gametest-api-v1, fabric-client-tags-api-v1, fabric-command-api-v1, fabric-command-api-v2, fabric-commands-v0, fabric-content-registries-v0, fabric-convention-tags-v1, fabric-convention-tags-v2, fabric-crash-report-info-v1, fabric-data-attachment-api-v1, fabric-data-generation-api-v1, fabric-dimensions-v1, fabric-entity-events-v1, fabric-events-interaction-v0, fabric-game-rule-api-v1, fabric-gametest-api-v1, fabric-item-api-v1, fabric-item-group-api-v1, fabric-key-binding-api-v1, fabric-keybindings-v0, fabric-lifecycle-events-v1, fabric-loot-api-v2, fabric-loot-api-v3, fabric-message-api-v1, fabric-model-loading-api-v1, fabric-networking-api-v1, fabric-object-builder-api-v1, fabric-particles-v1, fabric-recipe-api-v1, fabric-registry-sync-v0, fabric-renderer-api-v1, fabric-renderer-indigo, fabric-rendering-data-attachment-v1, fabric-rendering-fluids-v1, fabric-rendering-v1, fabric-resource-conditions-api-v1, fabric-resource-loader-v0, fabric-screen-api-v1, fabric-screen-handler-api-v1, fabric-sound-api-v1, fabric-tag-api-v1, fabric-transfer-api-v1, fabric-transitive-access-wideners-v1, fabricloader
[00:39:51] [Worker-Main-2/INFO] (Minecraft) Found unifont_jp_patch-16.0.01.hex, loading
[00:39:51] [Worker-Main-23/INFO] (Minecraft) Found unifont_all_no_pua-16.0.01.hex, loading
[00:39:51] [Render thread/INFO] (hyperionclientv3) Initializing HyperionClientV3
[00:39:52] [Render thread/INFO] (Minecraft) OpenAL initialized on device OpenAL Soft on Speakers (Razer BlackShark V2 X USB)
[00:39:52] [Render thread/INFO] (Minecraft) Sound engine started
[00:39:52] [Render thread/INFO] (Minecraft) Created: 1024x512x4 minecraft:textures/atlas/blocks.png-atlas
[00:39:52] [Render thread/INFO] (Minecraft) Created: 256x256x4 minecraft:textures/atlas/signs.png-atlas
[00:39:52] [Render thread/INFO] (Minecraft) Created: 512x512x4 minecraft:textures/atlas/shield_patterns.png-atlas
[00:39:52] [Render thread/INFO] (Minecraft) Created: 512x512x4 minecraft:textures/atlas/banner_patterns.png-atlas
[00:39:52] [Render thread/INFO] (Minecraft) Created: 2048x1024x4 minecraft:textures/atlas/armor_trims.png-atlas
[00:39:52] [Render thread/INFO] (Minecraft) Created: 256x256x4 minecraft:textures/atlas/chest.png-atlas
[00:39:52] [Render thread/INFO] (Minecraft) Created: 128x64x4 minecraft:textures/atlas/decorated_pot.png-atlas
[00:39:52] [Render thread/INFO] (Minecraft) Created: 512x256x4 minecraft:textures/atlas/beds.png-atlas
[00:39:52] [Render thread/INFO] (Minecraft) Created: 512x256x4 minecraft:textures/atlas/shulker_boxes.png-atlas
[00:39:52] [Render thread/INFO] (Minecraft) Created: 64x64x0 minecraft:textures/atlas/map_decorations.png-atlas
[00:39:52] [Render thread/INFO] (Minecraft) Created: 512x256x0 minecraft:textures/atlas/particles.png-atlas
[00:39:52] [Render thread/INFO] (Minecraft) Created: 512x256x0 minecraft:textures/atlas/paintings.png-atlas
[00:39:52] [Render thread/INFO] (Minecraft) Created: 256x128x0 minecraft:textures/atlas/mob_effects.png-atlas
[00:39:52] [Render thread/INFO] (Minecraft) Created: 1024x512x0 minecraft:textures/atlas/gui.png-atlas
[00:39:53] [IO-Worker-1/INFO] (Minecraft) Could not authorize you against Realms server: java.lang.RuntimeException: Failed to parse into SignedJWT: null
[00:39:53] [IO-Worker-1/ERROR] (Minecraft) Couldn't connect to realms
net.minecraft.client.realms.exception.RealmsServiceException: Realms authentication error with message 'java.lang.RuntimeException: Failed to parse into SignedJWT: null'
	at knot/net.minecraft.client.realms.RealmsClient.execute(RealmsClient.java:445) ~[minecraft-merged-abba00472f-1.21.4-net.fabricmc.yarn.1_21_4.1.21.4+build.8-v2.jar:?]
	at knot/net.minecraft.client.realms.RealmsClient.clientCompatible(RealmsClient.java:232) ~[minecraft-merged-abba00472f-1.21.4-net.fabricmc.yarn.1_21_4.1.21.4+build.8-v2.jar:?]
	at knot/net.minecraft.client.realms.RealmsAvailability.method_52627(RealmsAvailability.java:51) ~[minecraft-merged-abba00472f-1.21.4-net.fabricmc.yarn.1_21_4.1.21.4+build.8-v2.jar:?]
	at java.base/java.util.concurrent.CompletableFuture$AsyncSupply.run(CompletableFuture.java:1768) ~[?:?]
	at java.base/java.util.concurrent.ThreadPoolExecutor.runWorker(ThreadPoolExecutor.java:1144) ~[?:?]
	at java.base/java.util.concurrent.ThreadPoolExecutor$Worker.run(ThreadPoolExecutor.java:642) ~[?:?]
	at java.base/java.lang.Thread.run(Thread.java:1583) [?:?]
[00:40:09] [Render thread/INFO] (Minecraft) Loaded 1370 recipes
[00:40:09] [Render thread/INFO] (Minecraft) Loaded 1481 advancements
[00:40:09] [Render thread/INFO] (BiomeModificationImpl) Applied 0 biome modifications to 0 of 65 new biomes in 895.5 μs
[00:40:09] [Server thread/INFO] (Minecraft) Starting integrated minecraft server version 1.21.4
[00:40:09] [Server thread/INFO] (Minecraft) Generating keypair
[00:40:10] [Server thread/INFO] (Minecraft) Preparing start region for dimension minecraft:overworld
[00:40:10] [Render thread/INFO] (Minecraft) Preparing spawn area: 0%
[00:40:10] [Render thread/INFO] (Minecraft) Time elapsed: 283 ms
[00:40:10] [Server thread/INFO] (Minecraft) Changing view distance to 13, from 10
[00:40:10] [Server thread/INFO] (Minecraft) Changing simulation distance to 32, from 0
[00:40:11] [Server thread/INFO] (Minecraft) User[local:E:86452228] logged in with entity id 11 at (20.3023569571129, -7.833890739061786, -23.92764942394502)
[00:40:11] [Server thread/INFO] (Minecraft) User joined the game
[00:40:11] [Render thread/INFO] (Minecraft) [STDOUT]: Loading Waypoints!
[00:40:11] [Render thread/INFO] (Minecraft) [STDOUT]: Loading Waypoints!
[00:40:11] [Render thread/INFO] (Minecraft) [STDOUT]: Loading Waypoints!
[00:40:11] [Render thread/INFO] (Minecraft) [STDOUT]: Loading Waypoints!
[00:40:11] [Render thread/INFO] (Minecraft) [STDOUT]: Loading Waypoints!
[00:40:11] [Render thread/INFO] (Minecraft) Loaded 4 advancements
[00:40:13] [Render thread/INFO] (Minecraft) [System] [CHAT] §6[Hyperion Client V3] §f§4Flight§r has been §aenabled
[00:40:16] [Render thread/INFO] (Minecraft) [System] [CHAT] §6[Hyperion Client V3] §f§4InfAura§r has been §aenabled
[00:40:23] [Render thread/WARN] (Minecraft) Duplicate entity UUID ef5db304-c368-4108-9a35-2fd0a072b73d: FakePlayerEntity['User'/41, l='ClientLevel', x=8.50, y=-53.50, z=8.50]
[00:40:24] [Server thread/WARN] (Minecraft) User moved wrongly!
[00:40:29] [Render thread/INFO] (Minecraft) [System] [CHAT] §6[Hyperion Client V3] §f§4InfAura§r has been §cdisabled
[00:40:32] [Server thread/INFO] (Minecraft) Saving and pausing game...
[00:40:32] [Server thread/INFO] (Minecraft) Saving chunks for level 'ServerLevel[Flat]'/minecraft:overworld
[00:40:32] [Server thread/INFO] (Minecraft) Saving chunks for level 'ServerLevel[Flat]'/minecraft:the_end
[00:40:32] [Server thread/INFO] (Minecraft) Saving chunks for level 'ServerLevel[Flat]'/minecraft:the_nether
[00:40:33] [Render thread/INFO] (Minecraft) [STDOUT]: Saving Waypoints
[00:40:33] [Render thread/INFO] (Minecraft) [STDOUT]: Saving Waypoints
[00:40:33] [Render thread/INFO] (Minecraft) [STDOUT]: Saving Waypoints
[00:40:33] [Render thread/INFO] (Minecraft) [STDOUT]: Saving Waypoints
[00:40:33] [Render thread/INFO] (Minecraft) [STDOUT]: Saving Waypoints
[00:40:33] [Server thread/INFO] (Minecraft) User lost connection: Disconnected
[00:40:33] [Server thread/INFO] (Minecraft) User left the game
[00:40:33] [Server thread/INFO] (Minecraft) Stopping singleplayer server as player logged out
[00:40:33] [Server thread/INFO] (Minecraft) Stopping server
[00:40:33] [Server thread/INFO] (Minecraft) Saving players
[00:40:33] [Server thread/INFO] (Minecraft) Saving worlds
[00:40:33] [Server thread/INFO] (Minecraft) Saving chunks for level 'ServerLevel[Flat]'/minecraft:overworld
[00:40:33] [Server thread/INFO] (Minecraft) Saving chunks for level 'ServerLevel[Flat]'/minecraft:the_end
[00:40:33] [Server thread/INFO] (Minecraft) Saving chunks for level 'ServerLevel[Flat]'/minecraft:the_nether
[00:40:33] [Server thread/INFO] (Minecraft) ThreadedAnvilChunkStorage (Flat): All chunks are saved
[00:40:33] [Server thread/INFO] (Minecraft) ThreadedAnvilChunkStorage (DIM1): All chunks are saved
[00:40:33] [Server thread/INFO] (Minecraft) ThreadedAnvilChunkStorage (DIM-1): All chunks are saved
[00:40:33] [Server thread/INFO] (Minecraft) ThreadedAnvilChunkStorage: All dimensions are saved
